Flutter crash report.
Please report a bug at https://github.com/flutter/flutter/issues.

## command

flutter build web

## exception

FileSystemException: FileSystemException: Failed to decode data using encoding 'utf-8', path = 'C:\Users\hp\OneDrive\Documents\nexus_fertility_app\.gitignore'

```
#0      _File._tryDecode (dart:io/file_impl.dart:708:7)
#1      _File.readAsStringSync (dart:io/file_impl.dart:719:7)
#2      _File.readAsLinesSync (dart:io/file_impl.dart:725:36)
#3      ForwardingFile.readAsLinesSync (package:file/src/forwarding/forwarding_file.dart:107:16)
#4      ForwardingFile.readAsLinesSync (package:file/src/forwarding/forwarding_file.dart:107:16)
#5      ProjectMigrator.processFileLines (package:flutter_tools/src/base/project_migrator.dart:40:37)
#6      ScrubGeneratedPluginRegistrant.migrate (package:flutter_tools/src/web/migrations/scrub_generated_plugin_registrant.dart:28:7)
#7      ProjectMigration.run (package:flutter_tools/src/base/project_migrator.dart:86:22)
#8      WebBuilder.buildWeb (package:flutter_tools/src/web/compile.dart:89:21)
<asynchronous suspension>
#9      BuildWebCommand.runCommand (package:flutter_tools/src/commands/build_web.dart:296:5)
<asynchronous suspension>
#10     FlutterCommand.run.<anonymous closure> (package:flutter_tools/src/runner/flutter_command.dart:1559:27)
<asynchronous suspension>
#11     AppContext.run.<anonymous closure> (package:flutter_tools/src/base/context.dart:154:19)
<asynchronous suspension>
#12     CommandRunner.runCommand (package:args/command_runner.dart:212:13)
<asynchronous suspension>
#13     FlutterCommandRunner.runCommand.<anonymous closure> (package:flutter_tools/src/runner/flutter_command_runner.dart:487:9)
<asynchronous suspension>
#14     AppContext.run.<anonymous closure> (package:flutter_tools/src/base/context.dart:154:19)
<asynchronous suspension>
#15     FlutterCommandRunner.runCommand (package:flutter_tools/src/runner/flutter_command_runner.dart:422:5)
<asynchronous suspension>
#16     run.<anonymous closure>.<anonymous closure> (package:flutter_tools/runner.dart:104:11)
<asynchronous suspension>
#17     AppContext.run.<anonymous closure> (package:flutter_tools/src/base/context.dart:154:19)
<asynchronous suspension>
#18     main (package:flutter_tools/executable.dart:103:3)
<asynchronous suspension>
```

## flutter doctor

```
[32m[âœ“][39m Flutter (Channel stable, 3.38.3, on Microsoft Windows [Version
    10.0.22631.5189], locale en-US) [1,157ms]
    [32mâ€¢[39m Flutter version 3.38.3 on channel stable at
      C:\Users\hp\OneDrive\Documents\flutter\lib\flutter
    [32mâ€¢[39m Upstream repository https://github.com/flutter/flutter.git
    [32mâ€¢[39m Framework revision 19074d12f7 (3 weeks ago), 2025-11-20 17:53:13 -0500
    [32mâ€¢[39m Engine revision 13e658725d
    [32mâ€¢[39m Dart version 3.10.1
    [32mâ€¢[39m DevTools version 2.51.1
    [32mâ€¢[39m Feature flags: enable-web, enable-linux-desktop, enable-macos-desktop,
      enable-windows-desktop, enable-android, enable-ios, cli-animations,
      enable-native-assets, omit-legacy-version-file, enable-lldb-debugging

[32m[âœ“][39m Windows Version (11 Pro 64-bit, 23H2, 2009) [6.3s]

[31m[âœ—][39m Android toolchain - develop for Android devices [127ms]
    [31mâœ—[39m Unable to locate Android SDK.
      Install Android Studio from:
      https://developer.android.com/studio/index.html
      On first launch it will assist you in installing the Android SDK
      components.
      (or visit https://flutter.dev/to/windows-android-setup for detailed
      instructions).
      If the Android SDK has been installed to a custom location, please use
      `flutter config --android-sdk` to update to that location.


[32m[âœ“][39m Chrome - develop for the web [43ms]
    [32mâ€¢[39m Chrome at C:\Program Files\Google\Chrome\Application\chrome.exe

[31m[âœ—][39m Visual Studio - develop Windows apps [37ms]
    [31mâœ—[39m Visual Studio not installed; this is necessary to develop Windows apps.
      Download at https://visualstudio.microsoft.com/downloads/.
      Please install the "Desktop development with C++" workload, including all
      of its default components

[32m[âœ“][39m Connected device (3 available) [477ms]
    [32mâ€¢[39m Windows (desktop) â€¢ windows â€¢ windows-x64    â€¢ Microsoft Windows [Version
      10.0.22631.5189]
    [32mâ€¢[39m Chrome (web)      â€¢ chrome  â€¢ web-javascript â€¢ Google Chrome
      142.0.7444.176
    [32mâ€¢[39m Edge (web)        â€¢ edge    â€¢ web-javascript â€¢ Microsoft Edge
      143.0.3650.75

[32m[âœ“][39m Network resources [3.6s]
    [32mâ€¢[39m All expected network resources are available.

[33m![39m Doctor found issues in 2 categories.
```
